<?xml version="1.0" encoding="UTF-8"?>
<testsuite xmlns:xsi="http://www.w3.org/2001/XMLSchema-instance" xsi:noNamespaceSchemaLocation="https://maven.apache.org/surefire/maven-surefire-plugin/xsd/surefire-test-report.xsd" version="3.0.2" name="com.yarixer.marketplace.seller.api.SellerProductControllerTest" time="21.93" tests="4" errors="0" skipped="0" failures="0" flakes="0">
  <properties>
[...]
</properties>
  <testcase name="sellerCanCreateProductAndListIt" classname="com.yarixer.marketplace.seller.api.SellerProductControllerTest" time="1.731">
    <system-out><![CDATA[2026-03-27T03:36:34.637+01:00  INFO 26336 --- [marketplace-backend] [           main] t.c.s.AnnotationConfigContextLoaderUtils : Could not detect default configuration classes for test class [com.yarixer.marketplace.seller.api.SellerProductControllerTest]: SellerProductControllerTest does not declare any static, non-private, non-final, nested classes annotated with @Configuration.
2026-03-27T03:36:34.665+01:00  INFO 26336 --- [marketplace-backend] [           main] .b.t.c.SpringBootTestContextBootstrapper : Found @SpringBootConfiguration com.yarixer.marketplace.MarketplaceApplication for test class com.yarixer.marketplace.seller.api.SellerProductControllerTest
2026-03-27T03:36:34.666+01:00  INFO 26336 --- [marketplace-backend] [           main] t.c.s.AnnotationConfigContextLoaderUtils : Could not detect default configuration classes for test class [com.yarixer.marketplace.seller.api.SellerProductControllerTest]: SellerProductControllerTest does not declare any static, non-private, non-final, nested classes annotated with @Configuration.
2026-03-27T03:36:34.666+01:00  INFO 26336 --- [marketplace-backend] [           main] t.c.s.AnnotationConfigContextLoaderUtils : Could not detect default configuration classes for test class [com.yarixer.marketplace.support.AbstractIntegrationTest]: AbstractIntegrationTest does not declare any static, non-private, non-final, nested classes annotated with @Configuration.
2026-03-27T03:36:34.671+01:00  INFO 26336 --- [marketplace-backend] [           main] .b.t.c.SpringBootTestContextBootstrapper : Found @SpringBootConfiguration com.yarixer.marketplace.MarketplaceApplication for test class com.yarixer.marketplace.seller.api.SellerProductControllerTest
2026-03-27T03:36:34.672+01:00  INFO 26336 --- [marketplace-backend] [           main] tc.mysql:8.4                             : Creating container for image: mysql:8.4
2026-03-27T03:36:34.850+01:00  INFO 26336 --- [marketplace-backend] [           main] tc.mysql:8.4                             : Container mysql:8.4 is starting: 569c2bdbf284504c884a48c46fa647b2212fd31f07909f785b332e7ac1aac042
2026-03-27T03:36:35.096+01:00  INFO 26336 --- [marketplace-backend] [           main] tc.mysql:8.4                             : Waiting for database connection to become available at jdbc:mysql://localhost:6819/test using query 'SELECT 1'
2026-03-27T03:36:47.633+01:00  INFO 26336 --- [marketplace-backend] [           main] tc.mysql:8.4                             : Container mysql:8.4 started in PT12.9602406S
2026-03-27T03:36:47.633+01:00  INFO 26336 --- [marketplace-backend] [           main] tc.mysql:8.4                             : Container is started (JDBC URL: jdbc:mysql://localhost:6819/test)

  .   ____          _            __ _ _
 /\\ / ___'_ __ _ _(_)_ __  __ _ \ \ \ \
( ( )\___ | '_ | '_| | '_ \/ _` | \ \ \ \
 \\/  ___)| |_)| | | | | || (_| |  ) ) ) )
  '  |____| .__|_| |_|_| |_\__, | / / / /
 =========|_|==============|___/=/_/_/_/

 :: Spring Boot ::                (v4.0.4)

2026-03-27T03:36:47.648+01:00  INFO 26336 --- [marketplace-backend] [           main] c.y.m.s.api.SellerProductControllerTest  : Starting SellerProductControllerTest using Java 21.0.4 with PID 26336 (started by yarix in C:\Users\yarix\IdeaProjects\marketplace)
2026-03-27T03:36:47.648+01:00  INFO 26336 --- [marketplace-backend] [           main] c.y.m.s.api.SellerProductControllerTest  : The following 1 profile is active: "test"
2026-03-27T03:36:47.789+01:00  INFO 26336 --- [marketplace-backend] [           main] .s.d.r.c.RepositoryConfigurationDelegate : Bootstrapping Spring Data JPA repositories in DEFAULT mode.
2026-03-27T03:36:47.814+01:00  INFO 26336 --- [marketplace-backend] [           main] .s.d.r.c.RepositoryConfigurationDelegate : Finished Spring Data repository scanning in 24 ms. Found 13 JPA repository interfaces.
2026-03-27T03:36:48.008+01:00  INFO 26336 --- [marketplace-backend] [           main] org.flywaydb.core.FlywayExecutor         : Database: jdbc:mysql://localhost:6819/test (MySQL 8.4)
2026-03-27T03:36:48.019+01:00  WARN 26336 --- [marketplace-backend] [           main] o.f.c.internal.database.base.Database    : Using MySQL 8.4 which is newer than the version Flyway has been verified with. The latest verified version of MySQL is 8.1.
2026-03-27T03:36:48.030+01:00  INFO 26336 --- [marketplace-backend] [           main] o.f.c.i.s.JdbcTableSchemaHistory         : Schema history table `test`.`flyway_schema_history` does not exist yet
2026-03-27T03:36:48.032+01:00  INFO 26336 --- [marketplace-backend] [           main] o.f.core.internal.command.DbValidate     : Successfully validated 4 migrations (execution time 00:00.008s)
2026-03-27T03:36:48.056+01:00  INFO 26336 --- [marketplace-backend] [           main] o.f.c.i.s.JdbcTableSchemaHistory         : Creating Schema History table `test`.`flyway_schema_history` ...
2026-03-27T03:36:48.165+01:00  INFO 26336 --- [marketplace-backend] [           main] o.f.core.internal.command.DbMigrate      : Current version of schema `test`: << Empty Schema >>
2026-03-27T03:36:48.172+01:00  INFO 26336 --- [marketplace-backend] [           main] o.f.core.internal.command.DbMigrate      : Migrating schema `test` to version "1 - init core"
2026-03-27T03:36:49.500+01:00  INFO 26336 --- [marketplace-backend] [           main] o.f.core.internal.command.DbMigrate      : Migrating schema `test` to version "2 - auth refresh tokens"
2026-03-27T03:36:49.600+01:00  INFO 26336 --- [marketplace-backend] [           main] o.f.core.internal.command.DbMigrate      : Migrating schema `test` to version "3 - product revision archive nullable"
2026-03-27T03:36:49.766+01:00  INFO 26336 --- [marketplace-backend] [           main] o.f.core.internal.command.DbMigrate      : Migrating schema `test` to version "4 - wallet entries rebuild"
2026-03-27T03:36:49.912+01:00  INFO 26336 --- [marketplace-backend] [           main] o.f.core.internal.command.DbMigrate      : Successfully applied 4 migrations to schema `test`, now at version v4 (execution time 00:01.654s)
2026-03-27T03:36:49.930+01:00  INFO 26336 --- [marketplace-backend] [           main] org.hibernate.orm.jpa                    : HHH008540: Processing PersistenceUnitInfo [name: default]
2026-03-27T03:36:49.945+01:00  INFO 26336 --- [marketplace-backend] [           main] o.s.o.j.p.SpringPersistenceUnitInfo      : No LoadTimeWeaver setup: ignoring JPA class transformer
2026-03-27T03:36:49.946+01:00  INFO 26336 --- [marketplace-backend] [           main] com.zaxxer.hikari.HikariDataSource       : HikariPool-5 - Starting...
2026-03-27T03:36:49.957+01:00  INFO 26336 --- [marketplace-backend] [           main] com.zaxxer.hikari.pool.HikariPool        : HikariPool-5 - Added connection com.mysql.cj.jdbc.ConnectionImpl@4803d1c0
2026-03-27T03:36:49.957+01:00  INFO 26336 --- [marketplace-backend] [           main] com.zaxxer.hikari.HikariDataSource       : HikariPool-5 - Start completed.
2026-03-27T03:36:49.959+01:00  INFO 26336 --- [marketplace-backend] [           main] org.hibernate.orm.connections.pooling    : HHH10001005: Database info:
	Database JDBC URL [jdbc:mysql://localhost:6819/test]
	Database driver: MySQL Connector/J
	Database dialect: MySQLDialect
	Database version: 8.4.8
	Default catalog/schema: test/undefined
	Autocommit mode: undefined/unknown
	Isolation level: REPEATABLE_READ [default REPEATABLE_READ]
	JDBC fetch size: none
	Pool: DataSourceConnectionProvider
	Minimum pool size: undefined/unknown
	Maximum pool size: undefined/unknown
2026-03-27T03:36:50.020+01:00  INFO 26336 --- [marketplace-backend] [           main] org.hibernate.orm.core                   : HHH000489: No JTA platform available (set 'hibernate.transaction.jta.platform' to enable JTA platform integration)
2026-03-27T03:36:50.034+01:00  INFO 26336 --- [marketplace-backend] [           main] j.LocalContainerEntityManagerFactoryBean : Initialized JPA EntityManagerFactory for persistence unit 'default'
2026-03-27T03:36:50.097+01:00  INFO 26336 --- [marketplace-backend] [           main] eAuthenticationProviderManagerConfigurer : Global AuthenticationManager configured with AuthenticationProvider bean with name authenticationProvider
2026-03-27T03:36:50.097+01:00  WARN 26336 --- [marketplace-backend] [           main] r$InitializeUserDetailsManagerConfigurer : Global AuthenticationManager configured with an AuthenticationProvider bean. UserDetailsService beans will not be used by Spring Security for automatically configuring username/password login. Consider removing the AuthenticationProvider bean. Alternatively, consider using the UserDetailsService in a manually instantiated DaoAuthenticationProvider. If the current configuration is intentional, to turn off this warning, increase the logging level of 'org.springframework.security.config.annotation.authentication.configuration.InitializeUserDetailsBeanManagerConfigurer' to ERROR
2026-03-27T03:36:50.339+01:00  INFO 26336 --- [marketplace-backend] [           main] o.s.b.t.m.w.SpringBootMockServletContext : Initializing Spring TestDispatcherServlet ''
2026-03-27T03:36:50.339+01:00  INFO 26336 --- [marketplace-backend] [           main] o.s.t.web.servlet.TestDispatcherServlet  : Initializing Servlet ''
2026-03-27T03:36:50.340+01:00  INFO 26336 --- [marketplace-backend] [           main] o.s.b.a.e.web.EndpointLinksResolver      : Exposing 2 endpoints beneath base path '/actuator'
2026-03-27T03:36:50.347+01:00  INFO 26336 --- [marketplace-backend] [           main] o.s.t.web.servlet.TestDispatcherServlet  : Completed initialization in 8 ms
2026-03-27T03:36:50.354+01:00  INFO 26336 --- [marketplace-backend] [           main] c.y.m.s.api.SellerProductControllerTest  : Started SellerProductControllerTest in 2.72 seconds (process running for 113.876)
]]></system-out>
  </testcase>
  <testcase name="sellerCanUpdateDraftAndSubmitReview" classname="com.yarixer.marketplace.seller.api.SellerProductControllerTest" time="1.538"/>
  <testcase name="buyerCannotCreateSellerProduct" classname="com.yarixer.marketplace.seller.api.SellerProductControllerTest" time="1.208"/>
  <testcase name="sellerCannotAccessForeignProduct" classname="com.yarixer.marketplace.seller.api.SellerProductControllerTest" time="1.319"/>
</testsuite>